<?xml version="1.0" encoding="UTF-8"?>
<!-- Generated by org.testng.reporters.JUnitReportReporter -->
<testsuite skipped="0" hostname="LAPTOP-G1SGT9C8" name="testngPackage.Test4" tests="3" failures="0" timestamp="2020-05-28T18:09:54 IST" time="0.021" errors="0">
  <testcase name="ApinapiHomeloan" time="0.004" classname="testngPackage.Test4"/>
  <system-out/>
  <testcase name="MobilelogininHomeloan" time="0.010" classname="testngPackage.Test4"/>
  <system-out/>
  <testcase name="WebloginHomeLoan" time="0.007" classname="testngPackage.Test4"/>
  <system-out/>
</testsuite> <!-- testngPackage.Test4 -->
