<?xml version="1.0" encoding="UTF-8"?>
<!-- Generated by org.testng.reporters.JUnitReportReporter -->
<testsuite skipped="0" hostname="LAPTOP-G1SGT9C8" name="testngPackage.S138Testng" tests="2" failures="0" timestamp="2020-05-28T18:09:54 IST" time="0.019" errors="0">
  <testcase name="Demo" time="0.013" classname="testngPackage.S138Testng"/>
  <system-out/>
  <testcase name="Demo1" time="0.006" classname="testngPackage.S138Testng"/>
  <system-out/>
</testsuite> <!-- testngPackage.S138Testng -->
