<?xml version="1.0" encoding="UTF-8"?>
<!-- Generated by org.testng.reporters.JUnitReportReporter -->
<testsuite skipped="0" hostname="LAPTOP-G1SGT9C8" name="testngPackage.Test3" tests="3" failures="0" timestamp="2020-05-28T18:09:54 IST" time="0.005" errors="0">
  <testcase name="Mobileloginincarloan" time="0.001" classname="testngPackage.Test3"/>
  <system-out/>
  <testcase name="MobileSIGNOut" time="0.003" classname="testngPackage.Test3"/>
  <system-out/>
  <testcase name="MobileSIGNIN" time="0.001" classname="testngPackage.Test3"/>
  <system-out/>
</testsuite> <!-- testngPackage.Test3 -->
