<?xml version="1.0" encoding="UTF-8"?>
<!-- Generated by org.testng.reporters.JUnitReportReporter -->
<testsuite skipped="0" hostname="LAPTOP-G1SGT9C8" name="testngPackage.Test2" tests="1" failures="0" timestamp="2020-05-28T18:09:54 IST" time="0.001" errors="0">
  <testcase name="secondtest" time="0.001" classname="testngPackage.Test2"/>
  <system-out/>
</testsuite> <!-- testngPackage.Test2 -->
